app/build/intermediates/manifest_merge_blame_file/debug/manifest-merger-blame-debug-report.txt
1<?xml version="1.0" encoding="utf-8"?>
2<manifest xmlns:android="http://schemas.android.com/apk/res/android"
3    package="com.example.jllusers"
4    android:versionCode="1"
5    android:versionName="1.0" >
6
7    <uses-sdk
8        android:minSdkVersion="19"
8-->src\main\AndroidManifest.xml
9        android:targetSdkVersion="29" />
9-->src\main\AndroidManifest.xml
10
11    <uses-permission android:name="android.permission.INTERNET" />
11-->src\main\AndroidManifest.xml:32:5-67
11-->src\main\AndroidManifest.xml:32:22-64
12    <uses-permission android:name="android.permission.ACCESS_FINE_LOCATION" />
12-->[com.google.android.libraries.places:places:2.0.0] AndroidManifest.xml:9:5-79
12-->[com.google.android.libraries.places:places:2.0.0] AndroidManifest.xml:9:22-76
13    <uses-permission android:name="android.permission.ACCESS_WIFI_STATE" /> <!-- Include required permissions for Google Maps API to run. -->
13-->[com.google.android.libraries.places:places:2.0.0] AndroidManifest.xml:10:5-76
13-->[com.google.android.libraries.places:places:2.0.0] AndroidManifest.xml:10:22-73
14    <uses-permission android:name="android.permission.ACCESS_NETWORK_STATE" />
14-->[com.google.android.gms:play-services-maps:17.0.0] AndroidManifest.xml:23:5-79
14-->[com.google.android.gms:play-services-maps:17.0.0] AndroidManifest.xml:23:22-76
15
16    <uses-feature
16-->[com.google.android.gms:play-services-maps:17.0.0] AndroidManifest.xml:26:5-28:35
17        android:glEsVersion="0x00020000"
17-->[com.google.android.gms:play-services-maps:17.0.0] AndroidManifest.xml:27:9-41
18        android:required="true" />
18-->[com.google.android.gms:play-services-maps:17.0.0] AndroidManifest.xml:28:9-32
19
20    <application
20-->src\main\AndroidManifest.xml:6:5-30:19
21        android:allowBackup="true"
21-->src\main\AndroidManifest.xml:7:9-35
22        android:appComponentFactory="androidx.core.app.CoreComponentFactory"
22-->[androidx.core:core:1.0.1] AndroidManifest.xml:22:18-86
23        android:debuggable="true"
24        android:icon="@mipmap/ic_launcher"
24-->src\main\AndroidManifest.xml:8:9-43
25        android:label="@string/app_name"
25-->src\main\AndroidManifest.xml:9:9-41
26        android:roundIcon="@mipmap/ic_launcher_round"
26-->src\main\AndroidManifest.xml:10:9-54
27        android:supportsRtl="true"
27-->src\main\AndroidManifest.xml:11:9-35
28        android:testOnly="true"
29        android:theme="@style/AppTheme"
29-->src\main\AndroidManifest.xml:12:9-40
30        android:usesCleartextTraffic="true" >
30-->src\main\AndroidManifest.xml:13:9-44
31        <activity android:name="com.example.jllusers.View_Assets" />
31-->src\main\AndroidManifest.xml:15:9-58
31-->src\main\AndroidManifest.xml:15:19-46
32        <activity android:name="com.example.jllusers.Sell" />
32-->src\main\AndroidManifest.xml:16:9-42
32-->src\main\AndroidManifest.xml:16:19-39
33        <activity android:name="com.example.jllusers.Buy" />
33-->src\main\AndroidManifest.xml:17:9-41
33-->src\main\AndroidManifest.xml:17:19-38
34        <activity android:name="com.example.jllusers.Registrar_Options" />
34-->src\main\AndroidManifest.xml:18:9-55
34-->src\main\AndroidManifest.xml:18:19-52
35        <activity android:name="com.example.jllusers.User_Options" />
35-->src\main\AndroidManifest.xml:19:9-50
35-->src\main\AndroidManifest.xml:19:19-47
36        <activity android:name="com.example.jllusers.Registrar" />
36-->src\main\AndroidManifest.xml:20:9-47
36-->src\main\AndroidManifest.xml:20:19-44
37        <activity android:name="com.example.jllusers.User" />
37-->src\main\AndroidManifest.xml:21:9-42
37-->src\main\AndroidManifest.xml:21:19-39
38        <activity android:name="com.example.jllusers.MainActivity" >
38-->src\main\AndroidManifest.xml:22:9-28:20
38-->src\main\AndroidManifest.xml:22:19-47
39            <intent-filter>
39-->src\main\AndroidManifest.xml:23:13-27:29
40                <action android:name="android.intent.action.MAIN" />
40-->src\main\AndroidManifest.xml:24:17-69
40-->src\main\AndroidManifest.xml:24:25-66
41
42                <category android:name="android.intent.category.LAUNCHER" />
42-->src\main\AndroidManifest.xml:26:17-77
42-->src\main\AndroidManifest.xml:26:27-74
43            </intent-filter>
44        </activity>
45
46        <meta-data
46-->src\main\AndroidManifest.xml:29:9-123
47            android:name="com.google.android.geo.API_KEY"
47-->src\main\AndroidManifest.xml:29:20-65
48            android:value="AIzaSyA-jTNigOJ8f3zQ6qketJ1QRVLTy7rkduo" />
48-->src\main\AndroidManifest.xml:29:66-121
49        <!-- Autocomplete -->
50        <activity
50-->[com.google.android.libraries.places:places:2.0.0] AndroidManifest.xml:16:9-23:20
51            android:name="com.google.android.libraries.places.widget.AutocompleteActivity"
51-->[com.google.android.libraries.places:places:2.0.0] AndroidManifest.xml:17:13-91
52            android:exported="false"
52-->[com.google.android.libraries.places:places:2.0.0] AndroidManifest.xml:18:13-37
53            android:hardwareAccelerated="true"
53-->[com.google.android.libraries.places:places:2.0.0] AndroidManifest.xml:19:13-47
54            android:label="@string/places_autocomplete_label"
54-->[com.google.android.libraries.places:places:2.0.0] AndroidManifest.xml:20:13-62
55            android:theme="@style/PlacesAutocompleteThemeOverlay"
55-->[com.google.android.libraries.places:places:2.0.0] AndroidManifest.xml:21:13-66
56            android:windowSoftInputMode="stateAlwaysVisible|adjustPan" >
56-->[com.google.android.libraries.places:places:2.0.0] AndroidManifest.xml:22:13-71
57        </activity> <!-- Needs to be explicitly declared on P+ -->
58        <uses-library
58-->[com.google.android.gms:play-services-maps:17.0.0] AndroidManifest.xml:33:9-35:40
59            android:name="org.apache.http.legacy"
59-->[com.google.android.gms:play-services-maps:17.0.0] AndroidManifest.xml:34:13-50
60            android:required="false" />
60-->[com.google.android.gms:play-services-maps:17.0.0] AndroidManifest.xml:35:13-37
61
62        <activity
62-->[com.google.android.gms:play-services-base:17.0.0] AndroidManifest.xml:23:9-26:75
63            android:name="com.google.android.gms.common.api.GoogleApiActivity"
63-->[com.google.android.gms:play-services-base:17.0.0] AndroidManifest.xml:24:13-79
64            android:exported="false"
64-->[com.google.android.gms:play-services-base:17.0.0] AndroidManifest.xml:25:13-37
65            android:theme="@android:style/Theme.Translucent.NoTitleBar" />
65-->[com.google.android.gms:play-services-base:17.0.0] AndroidManifest.xml:26:13-72
66
67        <meta-data
67-->[com.google.android.gms:play-services-basement:17.0.0] AndroidManifest.xml:23:9-25:69
68            android:name="com.google.android.gms.version"
68-->[com.google.android.gms:play-services-basement:17.0.0] AndroidManifest.xml:24:13-58
69            android:value="@integer/google_play_services_version" />
69-->[com.google.android.gms:play-services-basement:17.0.0] AndroidManifest.xml:25:13-66
70    </application>
71
72</manifest>